<?xml version="1.0" encoding="UTF-8"?>
<!-- Generated by org.testng.reporters.JUnitXMLReporter -->
<testsuite ignored="0" hostname="Parthiban" failures="0" tests="4" name="Default test" time="9.495" errors="0" timestamp="2023-02-24T12:31:06 IST">
  <testcase classname="api.test.UserTests2" name="testPostUser" time="3.189"/>
  <testcase classname="api.test.UserTests2" name="testGetUserByName" time="1.253"/>
  <testcase classname="api.test.UserTests2" name="testUpdateUserByName" time="2.339"/>
  <testcase classname="api.test.UserTests2" name="testDeleteUserByName" time="1.227"/>
</testsuite> <!-- Default test -->
