<?xml version="1.0" encoding="UTF-8"?>
<!-- Generated by org.testng.reporters.JUnitXMLReporter -->
<testsuite ignored="0" hostname="Parthiban" failures="0" tests="4" name="PetTests" time="12.122" errors="0" timestamp="2023-02-25T13:17:07 IST">
  <testcase classname="api.test.UserTests2" name="testPostUser" time="4.366"/>
  <testcase classname="api.test.UserTests2" name="testGetUserByName" time="1.535"/>
  <testcase classname="api.test.UserTests2" name="testUpdateUserByName" time="2.899"/>
  <testcase classname="api.test.UserTests2" name="testDeleteUserByName" time="1.57"/>
</testsuite> <!-- PetTests -->
