<?xml version="1.0" encoding="UTF-8"?>
<!-- Generated by org.testng.reporters.JUnitXMLReporter -->
<testsuite ignored="0" hostname="Parthiban" failures="0" tests="4" name="PetTests" time="8.95" errors="0" timestamp="2023-02-24T12:32:13 IST">
  <testcase classname="api.test.UserTests2" name="testPostUser" time="3.003"/>
  <testcase classname="api.test.UserTests2" name="testGetUserByName" time="1.213"/>
  <testcase classname="api.test.UserTests2" name="testUpdateUserByName" time="2.443"/>
  <testcase classname="api.test.UserTests2" name="testDeleteUserByName" time="1.248"/>
</testsuite> <!-- PetTests -->
